<?xml version="1.0" encoding="UTF-8"?>
<!-- Generated by org.testng.reporters.JUnitReportReporter -->
<testsuite hostname="My-Adda.local" failures="0" tests="1" name="testValidation.FileUpload" time="2.689" errors="0" timestamp="2024-02-08T15:06:32 IST" skipped="0">
  <testcase classname="testValidation.FileUpload" name="uploadFile" time="2.689"/>
  <system-out/>
</testsuite> <!-- testValidation.FileUpload -->
