<?xml version="1.0" encoding="UTF-8"?>
<!-- Generated by org.testng.reporters.JUnitReportReporter -->
<testsuite hostname="My-Adda.local" failures="0" tests="1" name="testValidation.RangeVerify" time="3.062" errors="0" timestamp="2024-02-10T17:10:11 IST" skipped="0">
  <testcase classname="testValidation.RangeVerify" name="orderRange" time="3.062"/>
  <system-out/>
</testsuite> <!-- testValidation.RangeVerify -->
