<?xml version="1.0" encoding="UTF-8"?>
<!-- Generated by org.testng.reporters.JUnitReportReporter -->
<testsuite hostname="My-Adda.local" failures="0" tests="1" name="testValidation.PostMethodValidation" time="1.417" errors="0" timestamp="2024-02-08T13:13:47 IST" skipped="0">
  <testcase classname="testValidation.PostMethodValidation" name="postValidtaiona" time="1.417"/>
  <system-out/>
</testsuite> <!-- testValidation.PostMethodValidation -->
