<?xml version="1.0" encoding="UTF-8"?>
<!-- Generated by org.testng.reporters.JUnitReportReporter -->
<testsuite hostname="My-Adda.local" failures="0" tests="1" name="postMethod.PostMethod" time="1.293" errors="0" timestamp="2024-02-06T15:56:17 IST" skipped="0">
  <testcase classname="postMethod.PostMethod" name="post" time="1.293"/>
  <system-out/>
</testsuite> <!-- postMethod.PostMethod -->
