<?xml version="1.0" encoding="UTF-8"?>
<!-- Generated by org.testng.reporters.JUnitReportReporter -->
<testsuite hostname="My-Adda.local" failures="0" tests="1" name="testValidation.FileUploadBinaryFile" time="8.549" errors="0" timestamp="2024-02-08T15:04:23 IST" skipped="0">
  <testcase classname="testValidation.FileUploadBinaryFile" name="uploadBinaryFile" time="8.549"/>
  <system-out/>
</testsuite> <!-- testValidation.FileUploadBinaryFile -->
