<?xml version="1.0" encoding="UTF-8"?>
<!-- Generated by org.testng.reporters.JUnitReportReporter -->
<testsuite hostname="My-Adda.local" failures="0" tests="1" name="testValidation.AllTypevalidation" time="2.465" errors="0" timestamp="2024-02-06T18:39:39 IST" skipped="0">
  <testcase classname="testValidation.AllTypevalidation" name="validate" time="2.465"/>
  <system-out/>
</testsuite> <!-- testValidation.AllTypevalidation -->
